app/build/outputs/mapping/release/seeds.txt
app.web.task_app_faed4.twa.LauncherActivity
app.web.task_app_faed4.twa.LauncherActivity: LauncherActivity()
app.web.task_app_faed4.twa.DelegationService
app.web.task_app_faed4.twa.Application
app.web.task_app_faed4.twa.DelegationService: DelegationService()
app.web.task_app_faed4.twa.Application: Application()
...
androidx.lifecycle.ReflectiveGenericLifecycleObserver
androidx.versionedparcelable.CustomVersionedParcelable
com.google.androidbrowserhelper.trusted.DelegationService: DelegationService()
androidx.core.app.CoreComponentFactory
com.google.androidbrowserhelper.trusted.WebViewFallbackActivity
androidx.core.app.RemoteActionCompat: RemoteActionCompat()
androidx.core.graphics.drawable.IconCompatParcelizer: void write(androidx.core.graphics.drawable.IconCompat,androidx.versionedparcelable.VersionedParcel)
androidx.browser.trusted.TrustedWebActivityService: TrustedWebActivityService()
android.support.v4.graphics.drawable.IconCompatParcelizer
android.support.v4.graphics.drawable.IconCompatParcelizer: androidx.core.graphics.drawable.IconCompat read(androidx.versionedparcelable.VersionedParcel)
androidx.lifecycle.CompositeGeneratedAdaptersObserver
androidx.versionedparcelable.CustomVersionedParcelable: CustomVersionedParcelable()
com.google.androidbrowserhelper.trusted.ManageDataLauncherActivity: ManageDataLauncherActivity()
androidx.core.graphics.drawable.IconCompatParcelizer
androidx.versionedparcelable.ParcelImpl: android.os.Parcelable$Creator CREATOR
androidx.annotation.Keep
androidx.lifecycle.FullLifecycleObserverAdapter
android.support.v4.app.RemoteActionCompatParcelizer
com.google.androidbrowserhelper.trusted.LauncherActivity: LauncherActivity()
com.google.androidbrowserhelper.trusted.FocusActivity: FocusActivity()
android.support.v4.graphics.drawable.IconCompatParcelizer: void write(androidx.core.graphics.drawable.IconCompat,androidx.versionedparcelable.VersionedParcel)
androidx.core.app.RemoteActionCompatParcelizer: void write(androidx.core.app.RemoteActionCompat,androidx.versionedparcelable.VersionedParcel)
androidx.core.app.CoreComponentFactory: CoreComponentFactory()
androidx.core.content.FileProvider: FileProvider()
androidx.browser.browseractions.BrowserActionsFallbackMenuView: BrowserActionsFallbackMenuView(android.content.Context,android.util.AttributeSet)
android.support.v4.app.RemoteActionCompatParcelizer: androidx.core.app.RemoteActionCompat read(androidx.versionedparcelable.VersionedParcel)
android.support.v4.app.RemoteActionCompatParcelizer: RemoteActionCompatParcelizer()
com.google.androidbrowserhelper.trusted.FocusActivity
android.support.v4.app.RemoteActionCompatParcelizer: void write(androidx.core.app.RemoteActionCompat,androidx.versionedparcelable.VersionedParcel)
com.google.androidbrowserhelper.trusted.WebViewFallbackActivity: WebViewFallbackActivity()
androidx.core.graphics.drawable.IconCompat
android.support.v4.graphics.drawable.IconCompatParcelizer: IconCompatParcelizer()
androidx.core.graphics.drawable.IconCompat: IconCompat()
androidx.core.graphics.drawable.IconCompatParcelizer: IconCompatParcelizer()
com.google.androidbrowserhelper.trusted.ManageDataLauncherActivity
androidx.browser.browseractions.BrowserActionsFallbackMenuView
androidx.core.app.RemoteActionCompatParcelizer
androidx.versionedparcelable.ParcelImpl
androidx.core.content.FileProvider
androidx.core.app.RemoteActionCompatParcelizer: RemoteActionCompatParcelizer()
androidx.core.app.RemoteActionCompat
androidx.lifecycle.SingleGeneratedAdapterObserver
androidx.core.graphics.drawable.IconCompatParcelizer: androidx.core.graphics.drawable.IconCompat read(androidx.versionedparcelable.VersionedParcel)
androidx.core.app.RemoteActionCompatParcelizer: androidx.core.app.RemoteActionCompat read(androidx.versionedparcelable.VersionedParcel)