app/build/outputs/mapping/release/mapping.txt
# compiler: R8
# compiler_version: 2.1.86
# min_api: 19
# pg_map_id: 449f3e9
# common_typos_disable
app.web.task_app_faed4.twa.LauncherActivity -> app.web.task_app_faed4.twa.LauncherActivity:
    android.net.Uri getLaunchingUrl() -> f
...
androidx.core.graphics.drawable.TintAwareDrawable -> androidx.core.graphics.drawable.b:
androidx.core.graphics.drawable.WrappedDrawableApi14 -> androidx.core.graphics.drawable.c:
    android.graphics.drawable.Drawable mDrawable -> f
    androidx.core.graphics.drawable.WrappedDrawableState mState -> d
    android.graphics.PorterDuff$Mode DEFAULT_TINT_MODE -> g
    android.graphics.PorterDuff$Mode mCurrentMode -> b
    boolean mMutated -> e
    boolean mColorFilterSet -> c
    int mCurrentColor -> a
    boolean isCompatTintEnabled() -> a
    androidx.core.graphics.drawable.WrappedDrawableState mutateConstantState() -> b
    void setWrappedDrawable(android.graphics.drawable.Drawable) -> c
    void updateLocalState(android.content.res.Resources) -> d
    boolean updateTint(int[]) -> e
androidx.core.graphics.drawable.WrappedDrawableApi21 -> androidx.core.graphics.drawable.d:
    java.lang.reflect.Method sIsProjectedDrawableMethod -> h
    boolean isCompatTintEnabled() -> a
    void findAndCacheIsProjectedDrawableMethod() -> f
androidx.core.graphics.drawable.WrappedDrawableState -> androidx.core.graphics.drawable.e:
    android.graphics.drawable.Drawable$ConstantState mDrawableState -> b
    android.content.res.ColorStateList mTint -> c
    android.graphics.PorterDuff$Mode mTintMode -> d
    int mChangingConfigurations -> a
    boolean canConstantState() -> a
androidx.versionedparcelable.ParcelImpl -> androidx.versionedparcelable.ParcelImpl:
    androidx.versionedparcelable.VersionedParcelable mParcel -> a
androidx.versionedparcelable.ParcelImpl$1 -> androidx.versionedparcelable.ParcelImpl$a:
    androidx.versionedparcelable.ParcelImpl createFromParcel(android.os.Parcel) -> a
    androidx.versionedparcelable.ParcelImpl[] newArray(int) -> b
androidx.versionedparcelable.VersionedParcel -> androidx.versionedparcelable.a:
    androidx.collection.ArrayMap mParcelizerCache -> c
    androidx.collection.ArrayMap mReadCache -> a
    androidx.collection.ArrayMap mWriteCache -> b
    void writeByteArray(byte[]) -> A
    void writeByteArray(byte[],int) -> B
    void writeCharSequence(java.lang.CharSequence) -> C
    void writeCharSequence(java.lang.CharSequence,int) -> D
    void writeInt(int) -> E
    void writeInt(int,int) -> F
    void writeParcelable(android.os.Parcelable) -> G
    void writeParcelable(android.os.Parcelable,int) -> H
    void writeString(java.lang.String) -> I
    void writeString(java.lang.String,int) -> J
    void writeToParcel(androidx.versionedparcelable.VersionedParcelable,androidx.versionedparcelable.VersionedParcel) -> K
    void writeVersionedParcelable(androidx.versionedparcelable.VersionedParcelable) -> L
    void writeVersionedParcelable(androidx.versionedparcelable.VersionedParcelable,int) -> M
    void writeVersionedParcelableCreator(androidx.versionedparcelable.VersionedParcelable) -> N
    void closeField() -> a
    androidx.versionedparcelable.VersionedParcel createSubParcel() -> b
    java.lang.Class findParcelClass(java.lang.Class) -> c
    java.lang.reflect.Method getReadMethod(java.lang.String) -> d
    java.lang.reflect.Method getWriteMethod(java.lang.Class) -> e
    boolean isStream() -> f
    boolean readBoolean() -> g
    boolean readBoolean(boolean,int) -> h