app/build/outputs/mapping/release/usage.txt
app.web.task_app_faed4.twa.R$styleable
app.web.task_app_faed4.twa.R$bool
app.web.task_app_faed4.twa.R$xml
app.web.task_app_faed4.twa.R$id
app.web.task_app_faed4.twa.R$style
app.web.task_app_faed4.twa.R$integer
app.web.task_app_faed4.twa.R$layout
app.web.task_app_faed4.twa.R$string
app.web.task_app_faed4.twa.R
app.web.task_app_faed4.twa.R$color
app.web.task_app_faed4.twa.R$raw
app.web.task_app_faed4.twa.R$attr
app.web.task_app_faed4.twa.BuildConfig
app.web.task_app_faed4.twa.R$dimen
app.web.task_app_faed4.twa.R$mipmap
app.web.task_app_faed4.twa.R$drawable
...
androidx.core.graphics.TypefaceCompatApi28Impl
androidx.lifecycle.SingleGeneratedAdapterObserver:
    void <init>(androidx.lifecycle.GeneratedAdapter)
    public void onStateChanged(androidx.lifecycle.LifecycleOwner,androidx.lifecycle.Lifecycle$Event)
    private final androidx.lifecycle.GeneratedAdapter mGeneratedAdapter
android.support.customtabs.trusted.ITrustedWebActivityService$Stub$Proxy
androidx.core.view.OnApplyWindowInsetsListener
androidx.core.content.pm.PermissionInfoCompat$ProtectionFlags
androidx.versionedparcelable.R
androidx.core.app.NotificationManagerCompat:
    public static java.util.Set getEnabledListenerPackages(android.content.Context)
    private static boolean useSideChannelForNotification(android.app.Notification)
    private void pushSideChannelQueue(androidx.core.app.NotificationManagerCompat$Task)
    public void cancel(int)
    public void cancel(java.lang.String,int)
    public void cancelAll()
    public void notify(int,android.app.Notification)
    public void notify(java.lang.String,int,android.app.Notification)
    public int getImportance()
    public void createNotificationChannelGroup(android.app.NotificationChannelGroup)
    public void createNotificationChannels(java.util.List)
    public void createNotificationChannelGroups(java.util.List)
    public void deleteNotificationChannel(java.lang.String)
    public void deleteNotificationChannelGroup(java.lang.String)
    public android.app.NotificationChannelGroup getNotificationChannelGroup(java.lang.String)
    public java.util.List getNotificationChannels()
    public java.util.List getNotificationChannelGroups()
    private static final java.lang.String TAG
    private static final java.lang.String CHECK_OP_NO_THROW
    private static final java.lang.String OP_POST_NOTIFICATION
    public static final java.lang.String EXTRA_USE_SIDE_CHANNEL
    public static final java.lang.String ACTION_BIND_SIDE_CHANNEL
    static final int MAX_SIDE_CHANNEL_SDK_VERSION
androidx.lifecycle.ClassesInfoCache$CallbackInfo
androidx.core.app.RemoteInput$Source
com.google.androidbrowserhelper.trusted.splashscreens.PwaWrapperSplashScreenStrategy:
    private static final java.lang.String TAG
androidx.core.provider.FontsContractCompat$FontRequestCallback$FontRequestFailReason
android.support.customtabs.IPostMessageService
androidx.core.app.NotificationManagerCompat$CancelTask
androidx.core.util.LogWriter
androidx.browser.browseractions.BrowserActionsIntent$BrowserActionsItemId
androidx.collection.ArraySet
androidx.core.text.util.LinkifyCompat$1
androidx.core.app.NotificationCompat$Builder
androidx.core.net.ConnectivityManagerCompat$RestrictBackgroundStatus
androidx.core.util.Pools
androidx.lifecycle.LifecycleObserver
androidx.core.os.OperationCanceledException
androidx.annotation.MenuRes
androidx.core.graphics.TypefaceCompatApi21Impl
androidx.versionedparcelable.VersionedParcelize
android.support.customtabs.ICustomTabsCallback$Stub:
    public static android.support.customtabs.ICustomTabsCallback asInterface(android.os.IBinder)
    public static boolean setDefaultImpl(android.support.customtabs.ICustomTabsCallback)
    public static android.support.customtabs.ICustomTabsCallback getDefaultImpl()
    private static final java.lang.String DESCRIPTOR
    static final int TRANSACTION_onNavigationEvent
    static final int TRANSACTION_extraCallback
    static final int TRANSACTION_onMessageChannelReady
    static final int TRANSACTION_onPostMessage
    static final int TRANSACTION_onRelationshipValidationResult
    static final int TRANSACTION_extraCallbackWithResult
androidx.concurrent.futures.AbstractResolvableFuture$Cancellation
androidx.core.view.ViewCompat
androidx.core.text.PrecomputedTextCompat$Params
androidx.browser.customtabs.CustomTabsService$Relation
android.support.customtabs.trusted.ITrustedWebActivityCallback:
    public abstract void onExtraCallback(java.lang.String,android.os.Bundle)
androidx.core.os.CancellationSignal